Retrieving project…
Deploying furious-projects-002eb5a8/tdhps-website
Uploading [--------------------] (0.0B/206.8KB)
Uploading [=====---------------] (56.1KB/206.8KB)
Uploading [==========----------] (104.1KB/206.8KB)
Uploading [================----] (168.1KB/206.8KB)
Uploading [====================] (206.8KB/206.8KB)
Inspect: https://vercel.com/furious-projects-002eb5a8/tdhps-website/3VdLqHkK6ePiojdLn3hRTU8QZyis [4s]
Production: https://tdhps-website-l905lo73g-furious-projects-002eb5a8.vercel.app [4s]
https://tdhps-website-l905lo73g-furious-projects-002eb5a8.vercel.appBuilding...
Building...
Building: Running build in Washington, D.C., USA (East) – iad1
Building: Build machine configuration: 2 cores, 8 GB
Building: Retrieving list of deployment files...
Building: Downloading 238 deployment files...
Building: Restored build cache from previous deployment (7g64n3Kq2orrTj9AMqDDyWTcP7sv)
Building: Warning: "vercel" found in project dependencies and will be ignored.
Building: Running "vercel build"
Building: Vercel CLI 51.6.1
Building: Installing dependencies...
Building: up to date in 2s
Building: 286 packages are looking for funding
Building: run `npm fund` for details
Building: Detected Next.js version: 16.2.0
Building: Running "npm run build"
Building: > tdhps-website@0.1.0 build
Building: > next build
Building: Applying modifyConfig from Vercel
Building: ▲ Next.js 16.2.0 (Turbopack)
Building: - Experiments (use with caution):
Building: ✓ optimizeCss
Building: Creating an optimized production build ...
Building: ✓ Compiled successfully in 10.9s
Building: Running TypeScript ...
Building: Finished TypeScript in 10.8s ...
Building: Collecting page data using 1 worker ...
Building: Generating static pages using 1 worker (0/139) ...
Building: Generating static pages using 1 worker (34/139)
Building: Generating static pages using 1 worker (69/139)
Building: Generating static pages using 1 worker (104/139)
Building: ✓ Generating static pages using 1 worker (139/139) in 4.5s
Building: Finalizing page optimization ...
Building: Running onBuildComplete from Vercel
Building: Detected .env file, it is strongly recommended to use Vercel's env handling instead
Building: Route (app)                                        Revalidate  Expire
Building: ┌ ○ /
Building: ├ ○ /_not-found
Building: ├ ƒ /api/appointment
Building: ├ ƒ /api/grooming-school
Building: ├ ƒ /api/pet-cam
Building: ├ ○ /appointment-request
Building: ├ ○ /appointment-request-form_location_richmond
Building: ├ ○ /appointment-request-memorial
Building: ├ ○ /appointment-request-pearland
Building: ├ ○ /blog
Building: ├ ● /blog/[slug]
Building: │ ├ /blog/affordable-dog-hotel-in-houston
Building: │ ├ /blog/animal-boarding-houston
Building: │ ├ /blog/best-grooming-salon-for-pets-in-houston
Building: │ └ [+96 more paths]
Building: ├ ○ /cancellation-policy
Building: ├ ○ /contact-us
Building: ├ ○ /discounts
Building: ├ ○ /dog-day-care
Building: ├ ○ /donna-williams
Building: ├ ○ /faq
Building: ├ ○ /francy-quevedo
Building: ├ ○ /galleria-uptown-park-location                         1d      1y
Building: ├ ○ /grooming-school
Building: ├ ○ /houston-pet-boarding
Building: ├ ○ /keylin-paulina-orellana-delcid
Building: ├ ○ /margarita-batres
Building: ├ ○ /memorial-park-location                                1d      1y
Building: ├ ○ /our-staff
Building: ├ ○ /pearland-location                                     1d      1y
Building: ├ ○ /pet-bathing
Building: ├ ○ /pet-cam
Building: ├ ○ /pet-grooming
Building: ├ ○ /privacy-policy
Building: ├ ○ /robots.txt
Building: ├ ○ /sitemap.xml
Building: ├ ○ /terms-of-use
Building: ├ ○ /thank-you-galleria-existing
Building: ├ ○ /thank-you-galleria-new
Building: ├ ○ /thank-you-memorial-existing
Building: ├ ○ /thank-you-memorial-new
Building: ├ ○ /thank-you-pearland-existing
Building: └ ○ /thank-you-pearland-new
Building: ○  (Static)   prerendered as static content
Building: ●  (SSG)      prerendered as static HTML (uses generateStaticParams)
Building: ƒ  (Dynamic)  server-rendered on demand
Building: Build Completed in /vercel/output [32s]
Building: Deploying outputs...
Building: Deployment completed
Building: Creating build cache...
[2K[1A[2K[GProduction: https://tdhps-website-l905lo73g-furious-projects-002eb5a8.vercel.app [53s]
Completing...
Aliased: https://tdhps-website.vercel.app [53s]

Common next commands:
- `vercel inspect tdhps-website-l905lo73g-furious-projects-002eb5a8.vercel.app --logs`
- `vercel redeploy tdhps-website-l905lo73g-furious-projects-002eb5a8.vercel.app`
